<?xml version="1.0" encoding="UTF-8"?>
<!-- Generated by org.testng.reporters.JUnitReportReporter -->
<testsuite hostname="Mahesh" failures="0" tests="12" name="com.Login.Tests.Createconsultation" time="147.016" errors="0" timestamp="2021-04-19T11:12:39 IST" skipped="11">
  <testcase classname="com.Login.Tests.Createconsultation" name="VerifyselectingYesforimageuploadflowtest" time="147.016"/>
  <system-out/>
  <testcase classname="com.Login.Tests.Createconsultation" name="Verifyimageuploadflowforcurrentlyavailabledoctortest">
    <skipped/>
  </testcase> <!-- Verifyimageuploadflowforcurrentlyavailabledoctortest -->
  <system-out/>
  <testcase classname="com.Login.Tests.Createconsultation" name="Verifyoptingforaffinityflowtest">
    <skipped/>
  </testcase> <!-- Verifyoptingforaffinityflowtest -->
  <system-out/>
  <testcase classname="com.Login.Tests.Createconsultation" name="Verifyuserisgettingtheclaraquestionstest">
    <skipped/>
  </testcase> <!-- Verifyuserisgettingtheclaraquestionstest -->
  <system-out/>
  <testcase classname="com.Login.Tests.Createconsultation" name="Verifynotoptingforaffinityflowtest">
    <skipped/>
  </testcase> <!-- Verifynotoptingforaffinityflowtest -->
  <system-out/>
  <testcase classname="com.Login.Tests.Createconsultation" name="Verifyimageuploadflowforaffinitydoctortest">
    <skipped/>
  </testcase> <!-- Verifyimageuploadflowforaffinitydoctortest -->
  <system-out/>
  <testcase classname="com.Login.Tests.Createconsultation" name="VerifyselectingNoforimageuploadflowtest">
    <skipped/>
  </testcase> <!-- VerifyselectingNoforimageuploadflowtest -->
  <system-out/>
  <testcase classname="com.Login.Tests.Createconsultation" name="Verifyaffinityflowdoctorlisttest">
    <skipped/>
  </testcase> <!-- Verifyaffinityflowdoctorlisttest -->
  <system-out/>
  <testcase classname="com.Login.Tests.Createconsultation" name="Verifyifuserisabletocreateaconsultationtest">
    <skipped/>
  </testcase> <!-- Verifyifuserisabletocreateaconsultationtest -->
  <system-out/>
  <testcase classname="com.Login.Tests.Createconsultation" name="Verifynotselectinganyoptioninimageuploadflowtest">
    <skipped/>
  </testcase> <!-- Verifynotselectinganyoptioninimageuploadflowtest -->
  <system-out/>
  <testcase classname="com.Login.Tests.Createconsultation" name="Verifyaffinityflowdoctorassignmenttest">
    <skipped/>
  </testcase> <!-- Verifyaffinityflowdoctorassignmenttest -->
  <system-out/>
  <testcase classname="com.Login.Tests.Createconsultation" name="Verifyaffinityflowtesttest">
    <skipped/>
  </testcase> <!-- Verifyaffinityflowtesttest -->
  <system-out/>
</testsuite> <!-- com.Login.Tests.Createconsultation -->
