<?xml version="1.0" encoding="UTF-8"?>
<!-- Generated by org.testng.reporters.JUnitReportReporter -->
<testsuite hostname="Mahesh" failures="0" tests="1" name="com.Login.Tests.LoginTestCase" time="26.418" errors="0" timestamp="2021-03-31T23:08:51 IST" skipped="0">
  <testcase classname="com.Login.Tests.LoginTestCase" name="login" time="26.418"/>
  <system-out/>
</testsuite> <!-- com.Login.Tests.LoginTestCase -->
