<?xml version="1.0" encoding="UTF-8"?>
<!-- Generated by org.testng.reporters.JUnitReportReporter -->
<testsuite hostname="Mahesh" failures="0" tests="1" name="com.Login.Tests.Createconsultation2" time="3.552" errors="0" timestamp="2021-04-10T22:37:36 IST" skipped="0">
  <testcase classname="com.Login.Tests.Createconsultation2" name="Verifyuserisgettingtheclaraquestionstest" time="3.552"/>
  <system-out/>
</testsuite> <!-- com.Login.Tests.Createconsultation2 -->
